Using pre-set license
Built from '2020.2/staging' branch; Version is '2020.2.5f1 (e2c53f129de5) revision 14861631'; Using compiler version '192528614'; Build Type 'Release'
OS: 'Windows 10 Education; OS build 19042.928; Version 2009; 64bit' Language: 'en' Physical Memory: 16258 MB
BatchMode: 1, IsHumanControllingUs: 0, StartBugReporterOnCrash: 0, Is64bit: 1, IsPro: 0

 COMMAND LINE ARGUMENTS:
C:\Program Files\Unity\Hub\Editor\2020.2.5f1\Editor\Unity.exe
-adb2
-batchMode
-noUpm
-name
AssetImportWorker0
-projectPath
C:/Users/pedro/Desktop/Yellow Mellow Fellow Game
-logFile
Logs/AssetImportWorker0.log
-srvPort
63811
Successfully changed project path to: C:/Users/pedro/Desktop/Yellow Mellow Fellow Game
C:/Users/pedro/Desktop/Yellow Mellow Fellow Game
Using Asset Import Pipeline V2.
Refreshing native plugins compatible for Editor in 20.25 ms, found 0 plugins.
Preloading 0 native plugins for Editor in 0.00 ms.
Initialize engine version: 2020.2.5f1 (e2c53f129de5)
[Subsystems] Discovering subsystems at path C:/Program Files/Unity/Hub/Editor/2020.2.5f1/Editor/Data/Resources/UnitySubsystems
[Subsystems] Discovering subsystems at path C:/Users/pedro/Desktop/Yellow Mellow Fellow Game/Assets
GfxDevice: creating device client; threaded=0
Direct3D:
    Version:  Direct3D 11.0 [level 11.1]
    Renderer: NVIDIA GeForce GTX 1660 (ID=0x2184)
    Vendor:   
    VRAM:     5991 MB
    Driver:   27.21.14.6611
Initialize mono
Mono path[0] = 'C:/Program Files/Unity/Hub/Editor/2020.2.5f1/Editor/Data/Managed'
Mono path[1] = 'C:/Program Files/Unity/Hub/Editor/2020.2.5f1/Editor/Data/MonoBleedingEdge/lib/mono/unityjit'
Mono config path = 'C:/Program Files/Unity/Hub/Editor/2020.2.5f1/Editor/Data/MonoBleedingEdge/etc'
Using monoOptions --debugger-agent=transport=dt_socket,embedding=1,server=y,suspend=n,address=127.0.0.1:56792
Begin MonoManager ReloadAssembly
Registering precompiled unity dll's ...
Register platform support module: C:/Program Files/Unity/Hub/Editor/2020.2.5f1/Editor/Data/PlaybackEngines/WindowsStandaloneSupport/UnityEditor.WindowsStandalone.Extensions.dll
Registered in 0.002250 seconds.
Native extension for WindowsStandalone target not found
Refreshing native plugins compatible for Editor in 19.58 ms, found 0 plugins.
Preloading 0 native plugins for Editor in 0.00 ms.
Invoked RoslynAnalysisRunner static constructor.
RoslynAnalysisRunner will not be running.
RoslynAnalysisRunner has terminated.
Mono: successfully reloaded assembly
- Completed reload, in  0.968 seconds
Platform modules already initialized, skipping
Registering precompiled user dll's ...
Registered in 0.000768 seconds.
Begin MonoManager ReloadAssembly
Native extension for WindowsStandalone target not found
Refreshing native plugins compatible for Editor in 0.19 ms, found 0 plugins.
Preloading 0 native plugins for Editor in 0.00 ms.
Invoked RoslynAnalysisRunner static constructor.
RoslynAnalysisRunner will not be running.
RoslynAnalysisRunner has terminated.
Mono: successfully reloaded assembly
- Completed reload, in  0.758 seconds
Platform modules already initialized, skipping
========================================================================
Worker process is ready to serve import requests
Launched and connected shader compiler UnityShaderCompiler.exe after 0.08 seconds
Refreshing native plugins compatible for Editor in 0.26 ms, found 0 plugins.
Preloading 0 native plugins for Editor in 0.00 ms.
Unloading 1123 Unused Serialized files (Serialized files now loaded: 0)
System memory in use before: 58.4 MB.
System memory in use after: 58.5 MB.

Unloading 8 unused Assets to reduce memory usage. Loaded Objects now: 1573.
Total: 2.212800 ms (FindLiveObjects: 0.226000 ms CreateObjectMapping: 0.064700 ms MarkObjects: 1.890700 ms  DeleteObjects: 0.029800 ms)

========================================================================
Received Import Request.
  path: Assets/Scripts
  artifactKey: Guid(8f246904dc26ee14280e0f71b1953dce) Importer(815301076,1909f56bfc062723c751e8b465ee728b)
Start importing Assets/Scripts using Guid(8f246904dc26ee14280e0f71b1953dce) Importer(815301076,1909f56bfc062723c751e8b465ee728b)  -> (artifact id: '15016a59a4cb8c4c732e6666c51b45dc') in 0.005880 seconds
  Import took 0.008219 seconds .

========================================================================
Received Import Request.
  Time since last request: 0.000329 seconds.
  path: Assets/Scripts/Fellow.cs
  artifactKey: Guid(87760c3df39f1194e96a191d4a53f58d) Importer(815301076,1909f56bfc062723c751e8b465ee728b)
Start importing Assets/Scripts/Fellow.cs using Guid(87760c3df39f1194e96a191d4a53f58d) Importer(815301076,1909f56bfc062723c751e8b465ee728b)  -> (artifact id: '8925a68db23b11d8ea9f264cde394245') in 0.065740 seconds
  Import took 0.070023 seconds .

========================================================================
Received Import Request.
  Time since last request: 102.417585 seconds.
  path: Assets/Scripts/YellowFellowGame.cs
  artifactKey: Guid(ccdc9f7ae4b962548a41d6999bf74d09) Importer(815301076,1909f56bfc062723c751e8b465ee728b)
Start importing Assets/Scripts/YellowFellowGame.cs using Guid(ccdc9f7ae4b962548a41d6999bf74d09) Importer(815301076,1909f56bfc062723c751e8b465ee728b)  -> (artifact id: '6c71a5723197c65e5df252184dec485e') in 0.002583 seconds
  Import took 0.004383 seconds .

========================================================================
Received Import Request.
  Time since last request: 0.005906 seconds.
  path: Assets/Scripts/YellowFellowGame.cs
  artifactKey: Guid(ccdc9f7ae4b962548a41d6999bf74d09) Importer(815301076,1909f56bfc062723c751e8b465ee728b)
Start importing Assets/Scripts/YellowFellowGame.cs using Guid(ccdc9f7ae4b962548a41d6999bf74d09) Importer(815301076,1909f56bfc062723c751e8b465ee728b)  -> (artifact id: '6c71a5723197c65e5df252184dec485e') in 0.002254 seconds
  Import took 0.003869 seconds .

========================================================================
Received Import Request.
  Time since last request: 19.374526 seconds.
  path: Assets/Scripts/Ghost.cs
  artifactKey: Guid(1893474a7b5d41e49bac9d5726086598) Importer(815301076,1909f56bfc062723c751e8b465ee728b)
Start importing Assets/Scripts/Ghost.cs using Guid(1893474a7b5d41e49bac9d5726086598) Importer(815301076,1909f56bfc062723c751e8b465ee728b)  -> (artifact id: '77392e6bae76bfb069c2e2e28c8498ac') in 0.002738 seconds
  Import took 0.004363 seconds .

========================================================================
Received Import Request.
  Time since last request: 0.001485 seconds.
  path: Assets/Scripts/Ghost.cs
  artifactKey: Guid(1893474a7b5d41e49bac9d5726086598) Importer(815301076,1909f56bfc062723c751e8b465ee728b)
Start importing Assets/Scripts/Ghost.cs using Guid(1893474a7b5d41e49bac9d5726086598) Importer(815301076,1909f56bfc062723c751e8b465ee728b)  -> (artifact id: '77392e6bae76bfb069c2e2e28c8498ac') in 0.003188 seconds
  Import took 0.005148 seconds .

========================================================================
Received Prepare
Registering precompiled user dll's ...
Registered in 0.000702 seconds.
Begin MonoManager ReloadAssembly
Native extension for WindowsStandalone target not found
Refreshing native plugins compatible for Editor in 0.19 ms, found 0 plugins.
Preloading 0 native plugins for Editor in 0.00 ms.
Invoked RoslynAnalysisRunner static constructor.
RoslynAnalysisRunner will not be running.
RoslynAnalysisRunner has terminated.
Mono: successfully reloaded assembly
- Completed reload, in  0.719 seconds
Platform modules already initialized, skipping
Refreshing native plugins compatible for Editor in 0.19 ms, found 0 plugins.
Preloading 0 native plugins for Editor in 0.00 ms.
Unloading 1117 Unused Serialized files (Serialized files now loaded: 0)
System memory in use before: 58.3 MB.
System memory in use after: 58.4 MB.

Unloading 4 unused Assets to reduce memory usage. Loaded Objects now: 1576.
Total: 1.613600 ms (FindLiveObjects: 0.195700 ms CreateObjectMapping: 0.057400 ms MarkObjects: 1.339100 ms  DeleteObjects: 0.018900 ms)

========================================================================
Received Prepare
Registering precompiled user dll's ...
Registered in 0.000793 seconds.
Begin MonoManager ReloadAssembly
Native extension for WindowsStandalone target not found
Refreshing native plugins compatible for Editor in 0.19 ms, found 0 plugins.
Preloading 0 native plugins for Editor in 0.00 ms.
Invoked RoslynAnalysisRunner static constructor.
RoslynAnalysisRunner will not be running.
RoslynAnalysisRunner has terminated.
Mono: successfully reloaded assembly
- Completed reload, in  0.667 seconds
Platform modules already initialized, skipping
Refreshing native plugins compatible for Editor in 0.40 ms, found 0 plugins.
Preloading 0 native plugins for Editor in 0.00 ms.
Unloading 1117 Unused Serialized files (Serialized files now loaded: 0)
System memory in use before: 58.3 MB.
System memory in use after: 58.4 MB.

Unloading 4 unused Assets to reduce memory usage. Loaded Objects now: 1579.
Total: 2.433700 ms (FindLiveObjects: 0.258600 ms CreateObjectMapping: 0.051600 ms MarkObjects: 2.098600 ms  DeleteObjects: 0.023000 ms)

========================================================================
Received Prepare
Registering precompiled user dll's ...
Registered in 0.000717 seconds.
Begin MonoManager ReloadAssembly
Native extension for WindowsStandalone target not found
Refreshing native plugins compatible for Editor in 0.19 ms, found 0 plugins.
Preloading 0 native plugins for Editor in 0.00 ms.
Invoked RoslynAnalysisRunner static constructor.
RoslynAnalysisRunner will not be running.
RoslynAnalysisRunner has terminated.
Mono: successfully reloaded assembly
- Completed reload, in  0.695 seconds
Platform modules already initialized, skipping
Refreshing native plugins compatible for Editor in 0.28 ms, found 0 plugins.
Preloading 0 native plugins for Editor in 0.00 ms.
Unloading 1117 Unused Serialized files (Serialized files now loaded: 0)
System memory in use before: 58.3 MB.
System memory in use after: 58.4 MB.

Unloading 4 unused Assets to reduce memory usage. Loaded Objects now: 1582.
Total: 1.499800 ms (FindLiveObjects: 0.137100 ms CreateObjectMapping: 0.040900 ms MarkObjects: 1.301300 ms  DeleteObjects: 0.017500 ms)

========================================================================
Received Prepare
Registering precompiled user dll's ...
Registered in 0.000770 seconds.
Begin MonoManager ReloadAssembly
Native extension for WindowsStandalone target not found
Refreshing native plugins compatible for Editor in 0.23 ms, found 0 plugins.
Preloading 0 native plugins for Editor in 0.00 ms.
Invoked RoslynAnalysisRunner static constructor.
RoslynAnalysisRunner will not be running.
RoslynAnalysisRunner has terminated.
Mono: successfully reloaded assembly
- Completed reload, in  0.722 seconds
Platform modules already initialized, skipping
Refreshing native plugins compatible for Editor in 0.19 ms, found 0 plugins.
Preloading 0 native plugins for Editor in 0.00 ms.
Unloading 1117 Unused Serialized files (Serialized files now loaded: 0)
System memory in use before: 58.3 MB.
System memory in use after: 58.4 MB.

Unloading 4 unused Assets to reduce memory usage. Loaded Objects now: 1585.
Total: 1.539600 ms (FindLiveObjects: 0.111800 ms CreateObjectMapping: 0.026100 ms MarkObjects: 1.382400 ms  DeleteObjects: 0.018000 ms)

========================================================================
Received Import Request.
  Time since last request: 598.496015 seconds.
  path: Assets/Scripts/Ghost.cs
  artifactKey: Guid(1893474a7b5d41e49bac9d5726086598) Importer(815301076,1909f56bfc062723c751e8b465ee728b)
Start importing Assets/Scripts/Ghost.cs using Guid(1893474a7b5d41e49bac9d5726086598) Importer(815301076,1909f56bfc062723c751e8b465ee728b)  -> (artifact id: '8813134841aa7663a385a35474c0ad21') in 0.004348 seconds
  Import took 0.006153 seconds .

========================================================================
Received Import Request.
  Time since last request: 0.005317 seconds.
  path: Assets/Scripts/Ghost.cs
  artifactKey: Guid(1893474a7b5d41e49bac9d5726086598) Importer(815301076,1909f56bfc062723c751e8b465ee728b)
Start importing Assets/Scripts/Ghost.cs using Guid(1893474a7b5d41e49bac9d5726086598) Importer(815301076,1909f56bfc062723c751e8b465ee728b)  -> (artifact id: '8813134841aa7663a385a35474c0ad21') in 0.002323 seconds
  Import took 0.004176 seconds .

========================================================================
Received Import Request.
  Time since last request: 208.146908 seconds.
  path: ProjectSettings/TagManager.asset
  artifactKey: Guid(00000000000000003000000000000000) Importer(815301076,1909f56bfc062723c751e8b465ee728b)
Start importing ProjectSettings/TagManager.asset using Guid(00000000000000003000000000000000) Importer(815301076,1909f56bfc062723c751e8b465ee728b)  -> (artifact id: '2f270caf920a09c9a16816bfcfdc1008') in 0.018734 seconds
  Import took 0.021192 seconds .

========================================================================
Received Import Request.
  Time since last request: 25.561761 seconds.
  path: Assets/Scripts/Fruit.cs
  artifactKey: Guid(20dd5b22a2a643c4d9c4c63e3d9af250) Importer(815301076,1909f56bfc062723c751e8b465ee728b)
Start importing Assets/Scripts/Fruit.cs using Guid(20dd5b22a2a643c4d9c4c63e3d9af250) Importer(815301076,1909f56bfc062723c751e8b465ee728b)  -> (artifact id: 'e457ec21e8844bc6c6b60efaffe133dc') in 0.002907 seconds
  Import took 0.004527 seconds .

========================================================================
Received Prepare
Registering precompiled user dll's ...
Registered in 0.000762 seconds.
Begin MonoManager ReloadAssembly
Native extension for WindowsStandalone target not found
Refreshing native plugins compatible for Editor in 0.19 ms, found 0 plugins.
Preloading 0 native plugins for Editor in 0.00 ms.
Invoked RoslynAnalysisRunner static constructor.
RoslynAnalysisRunner will not be running.
RoslynAnalysisRunner has terminated.
Mono: successfully reloaded assembly
- Completed reload, in  0.690 seconds
Platform modules already initialized, skipping
Refreshing native plugins compatible for Editor in 0.25 ms, found 0 plugins.
Preloading 0 native plugins for Editor in 0.00 ms.
Unloading 1117 Unused Serialized files (Serialized files now loaded: 0)
System memory in use before: 58.4 MB.
System memory in use after: 58.5 MB.

Unloading 5 unused Assets to reduce memory usage. Loaded Objects now: 1588.
Total: 1.835300 ms (FindLiveObjects: 0.170400 ms CreateObjectMapping: 0.036100 ms MarkObjects: 1.600500 ms  DeleteObjects: 0.026500 ms)

========================================================================
Received Import Request.
  Time since last request: 233.455390 seconds.
  path: Assets/3Skyboxes/Skybox_BlueNebular_Textures/Materials/BlueNebular_top.mat
  artifactKey: Guid(cd61ff61f0d55e24d8484a67cca1f8f6) Importer(815301076,1909f56bfc062723c751e8b465ee728b)
Start importing Assets/3Skyboxes/Skybox_BlueNebular_Textures/Materials/BlueNebular_top.mat using Guid(cd61ff61f0d55e24d8484a67cca1f8f6) Importer(815301076,1909f56bfc062723c751e8b465ee728b)  -> (artifact id: 'db09e98eee06fcafe8b262aad0be717f') in 0.161523 seconds
  Import took 0.164346 seconds .

========================================================================
Received Import Request.
  Time since last request: 0.000274 seconds.
  path: Assets/Materials/Inky.mat
  artifactKey: Guid(dbac137f808a99a47b234e5fa23ada6c) Importer(815301076,1909f56bfc062723c751e8b465ee728b)
Start importing Assets/Materials/Inky.mat using Guid(dbac137f808a99a47b234e5fa23ada6c) Importer(815301076,1909f56bfc062723c751e8b465ee728b)  -> (artifact id: '66f955e9341bc497b63b66b1fd4eee04') in 0.008536 seconds
  Import took 0.010249 seconds .

========================================================================
Received Import Request.
  Time since last request: 0.000243 seconds.
  path: Assets/Materials/Pinky.mat
  artifactKey: Guid(1225e33cada4f4540bc3dd915ecc75f9) Importer(815301076,1909f56bfc062723c751e8b465ee728b)
Start importing Assets/Materials/Pinky.mat using Guid(1225e33cada4f4540bc3dd915ecc75f9) Importer(815301076,1909f56bfc062723c751e8b465ee728b)  -> (artifact id: '78a1ae9ce2db1770e21f72cbc9f855cc') in 0.008331 seconds
  Import took 0.009977 seconds .

========================================================================
Received Import Request.
  Time since last request: 0.000243 seconds.
  path: Assets/Images/Materials/Coin.mat
  artifactKey: Guid(ced5d89fcd5087b4185dbc363efac175) Importer(815301076,1909f56bfc062723c751e8b465ee728b)
Start importing Assets/Images/Materials/Coin.mat using Guid(ced5d89fcd5087b4185dbc363efac175) Importer(815301076,1909f56bfc062723c751e8b465ee728b)  -> (artifact id: '22ee8c78e5ce4a051d6314a5a01b6eef') in 0.010469 seconds
  Import took 0.012125 seconds .

========================================================================
Received Import Request.
  Time since last request: 0.000327 seconds.
  path: Assets/Metal Floor (Rust Low)/Material/Metal_floor (Rust Low).mat
  artifactKey: Guid(401ad4983cc206c4f923a26dd2542db1) Importer(815301076,1909f56bfc062723c751e8b465ee728b)
Start importing Assets/Metal Floor (Rust Low)/Material/Metal_floor (Rust Low).mat using Guid(401ad4983cc206c4f923a26dd2542db1) Importer(815301076,1909f56bfc062723c751e8b465ee728b)  -> (artifact id: '39b8ee19c13ab1993efac197b6b22abf') in 0.010724 seconds
  Import took 0.012500 seconds .

========================================================================
Received Import Request.
  Time since last request: 0.000269 seconds.
  path: Assets/Materials/Fellow.mat
  artifactKey: Guid(3dbd4a8209e872b4aa41f613ba47bc6f) Importer(815301076,1909f56bfc062723c751e8b465ee728b)
Start importing Assets/Materials/Fellow.mat using Guid(3dbd4a8209e872b4aa41f613ba47bc6f) Importer(815301076,1909f56bfc062723c751e8b465ee728b)  -> (artifact id: 'efcadcf9f43d196e0bc472540987a3f9') in 0.012311 seconds
  Import took 0.014187 seconds .

========================================================================
Received Import Request.
  Time since last request: 0.000297 seconds.
  path: Assets/Resources/Materials/red-cherry.mat
  artifactKey: Guid(a6034389aa13f9143bebb3d47b62c01a) Importer(815301076,1909f56bfc062723c751e8b465ee728b)
Start importing Assets/Resources/Materials/red-cherry.mat using Guid(a6034389aa13f9143bebb3d47b62c01a) Importer(815301076,1909f56bfc062723c751e8b465ee728b)  -> (artifact id: '38fb869f6d89d0165b5a2e7ed7f1190a') in 0.025168 seconds
  Import took 0.026867 seconds .

========================================================================
Received Import Request.
  Time since last request: 0.000293 seconds.
  path: Assets/Materials/clyde.mat
  artifactKey: Guid(dc8883af7866b1d47abc7c32ec07858d) Importer(815301076,1909f56bfc062723c751e8b465ee728b)
Start importing Assets/Materials/clyde.mat using Guid(dc8883af7866b1d47abc7c32ec07858d) Importer(815301076,1909f56bfc062723c751e8b465ee728b)  -> (artifact id: 'c3183e17230afe9928c2a7edace9160d') in 0.009957 seconds
  Import took 0.011731 seconds .

========================================================================
Received Import Request.
  Time since last request: 0.000275 seconds.
  path: Assets/Materials/ScaredGhost.mat
  artifactKey: Guid(cdf646a202781b34eb9a1991f26371d7) Importer(815301076,1909f56bfc062723c751e8b465ee728b)
Start importing Assets/Materials/ScaredGhost.mat using Guid(cdf646a202781b34eb9a1991f26371d7) Importer(815301076,1909f56bfc062723c751e8b465ee728b)  -> (artifact id: '1eb7c167d9dbccaa8f99793a0258dc02') in 0.023000 seconds
  Import took 0.024706 seconds .

========================================================================
Received Import Request.
  Time since last request: 0.000341 seconds.
  path: Assets/Materials/Powerup.mat
  artifactKey: Guid(f27e7df491c5e254c8708a02ed565f45) Importer(815301076,1909f56bfc062723c751e8b465ee728b)
Start importing Assets/Materials/Powerup.mat using Guid(f27e7df491c5e254c8708a02ed565f45) Importer(815301076,1909f56bfc062723c751e8b465ee728b)  -> (artifact id: 'e16fa981eb5a4ac469e6c5c305bf4810') in 0.010484 seconds
  Import took 0.012162 seconds .

========================================================================
Received Import Request.
  Time since last request: 0.000333 seconds.
  path: Assets/Materials/Pellet.mat
  artifactKey: Guid(05262749c96a0eb42b708c88365d1fec) Importer(815301076,1909f56bfc062723c751e8b465ee728b)
Start importing Assets/Materials/Pellet.mat using Guid(05262749c96a0eb42b708c88365d1fec) Importer(815301076,1909f56bfc062723c751e8b465ee728b)  -> (artifact id: 'ee78978d5c0397ad960bbab4b27023d7') in 0.009846 seconds
  Import took 0.011716 seconds .

========================================================================
Received Import Request.
  Time since last request: 11.804872 seconds.
  path: Assets/Prefabs/Fellow.prefab
  artifactKey: Guid(c3db597c6720f7a43a1ce03620145243) Importer(815301076,1909f56bfc062723c751e8b465ee728b)
Start importing Assets/Prefabs/Fellow.prefab using Guid(c3db597c6720f7a43a1ce03620145243) Importer(815301076,1909f56bfc062723c751e8b465ee728b)  -> (artifact id: 'b4269380d3a0ef4f700ebd1ea3a53812') in 0.017920 seconds
  Import took 0.019891 seconds .

========================================================================
Received Import Request.
  Time since last request: 0.000288 seconds.
  path: Assets/Prefabs/Powerup.prefab
  artifactKey: Guid(142f1b37506d57549b0b70f77c2b0508) Importer(815301076,1909f56bfc062723c751e8b465ee728b)
Start importing Assets/Prefabs/Powerup.prefab using Guid(142f1b37506d57549b0b70f77c2b0508) Importer(815301076,1909f56bfc062723c751e8b465ee728b)  -> (artifact id: 'a4d1b428b7bbc49dbb688d83c769045b') in 0.011128 seconds
  Import took 0.012976 seconds .

========================================================================
Received Import Request.
  Time since last request: 0.000312 seconds.
  path: Assets/Prefabs/HighScoreText.prefab
  artifactKey: Guid(68ecd492a9dd2424e8527827b124e393) Importer(815301076,1909f56bfc062723c751e8b465ee728b)
Start importing Assets/Prefabs/HighScoreText.prefab using Guid(68ecd492a9dd2424e8527827b124e393) Importer(815301076,1909f56bfc062723c751e8b465ee728b)  -> (artifact id: '045859697b3dbe85bcc17cdadf8cafcf') in 0.011643 seconds
  Import took 0.013873 seconds .

========================================================================
Received Import Request.
  Time since last request: 0.000315 seconds.
  path: Assets/Prefabs/Wall.prefab
  artifactKey: Guid(1caf0a67850d1dc44be37e7cf344cd4f) Importer(815301076,1909f56bfc062723c751e8b465ee728b)
Start importing Assets/Prefabs/Wall.prefab using Guid(1caf0a67850d1dc44be37e7cf344cd4f) Importer(815301076,1909f56bfc062723c751e8b465ee728b)  -> (artifact id: '370beb418e29f42170757d9a022d798c') in 0.037244 seconds
  Import took 0.039811 seconds .

========================================================================
Received Import Request.
  Time since last request: 0.000331 seconds.
  path: Assets/Prefabs/Ghost.prefab
  artifactKey: Guid(420e9ccf035f7f944acc6a71eade7757) Importer(815301076,1909f56bfc062723c751e8b465ee728b)
Start importing Assets/Prefabs/Ghost.prefab using Guid(420e9ccf035f7f944acc6a71eade7757) Importer(815301076,1909f56bfc062723c751e8b465ee728b)  -> (artifact id: 'ca81de3e44d0f473855872470417353c') in 0.009161 seconds
  Import took 0.010941 seconds .

========================================================================
Received Import Request.
  Time since last request: 0.000304 seconds.
  path: Assets/Prefabs/Pellet.prefab
  artifactKey: Guid(d0c3cb51e66eb9547a755d584bcf3a26) Importer(815301076,1909f56bfc062723c751e8b465ee728b)
Start importing Assets/Prefabs/Pellet.prefab using Guid(d0c3cb51e66eb9547a755d584bcf3a26) Importer(815301076,1909f56bfc062723c751e8b465ee728b)  -> (artifact id: '47993b791e8147b8465834c46294892d') in 0.010570 seconds
  Import took 0.012311 seconds .

========================================================================
Received Prepare
Registering precompiled user dll's ...
Registered in 0.000799 seconds.
Begin MonoManager ReloadAssembly
Native extension for WindowsStandalone target not found
Refreshing native plugins compatible for Editor in 0.19 ms, found 0 plugins.
Preloading 0 native plugins for Editor in 0.00 ms.
Invoked RoslynAnalysisRunner static constructor.
RoslynAnalysisRunner will not be running.
RoslynAnalysisRunner has terminated.
Mono: successfully reloaded assembly
- Completed reload, in  0.695 seconds
Platform modules already initialized, skipping
Refreshing native plugins compatible for Editor in 0.28 ms, found 0 plugins.
Preloading 0 native plugins for Editor in 0.00 ms.
Unloading 1117 Unused Serialized files (Serialized files now loaded: 0)
System memory in use before: 61.9 MB.
System memory in use after: 62.0 MB.

Unloading 5 unused Assets to reduce memory usage. Loaded Objects now: 1636.
Total: 1.440200 ms (FindLiveObjects: 0.134400 ms CreateObjectMapping: 0.031300 ms MarkObjects: 1.252800 ms  DeleteObjects: 0.019600 ms)

========================================================================
Received Import Request.
  Time since last request: 4.422150 seconds.
  path: Assets/Prefabs/Powerup.prefab
  artifactKey: Guid(142f1b37506d57549b0b70f77c2b0508) Importer(815301076,1909f56bfc062723c751e8b465ee728b)
Start importing Assets/Prefabs/Powerup.prefab using Guid(142f1b37506d57549b0b70f77c2b0508) Importer(815301076,1909f56bfc062723c751e8b465ee728b)  -> (artifact id: '75e721c18a58a81e64097a9485bfd4c5') in 0.051900 seconds
  Import took 0.054643 seconds .

========================================================================
Received Import Request.
  Time since last request: 4.606830 seconds.
  path: Assets/3Skyboxes/Skybox_BlueNebular_Textures/BlueNebular_back.jpg
  artifactKey: Guid(714add663c6602a45ae7182a6c144323) Importer(815301076,1909f56bfc062723c751e8b465ee728b)
Start importing Assets/3Skyboxes/Skybox_BlueNebular_Textures/BlueNebular_back.jpg using Guid(714add663c6602a45ae7182a6c144323) Importer(815301076,1909f56bfc062723c751e8b465ee728b)  -> (artifact id: 'c53a365d7d9efac2c6a63b2dc2659fe3') in 0.099992 seconds
  Import took 0.102752 seconds .

========================================================================
Received Import Request.
  Time since last request: 0.000262 seconds.
  path: Assets/3Skyboxes/Skybox_BluePinkNebular_Textures/BluePinkNebular_bottom.jpg
  artifactKey: Guid(207cfef1caffafe4b90f5b358ab27ca6) Importer(815301076,1909f56bfc062723c751e8b465ee728b)
Start importing Assets/3Skyboxes/Skybox_BluePinkNebular_Textures/BluePinkNebular_bottom.jpg using Guid(207cfef1caffafe4b90f5b358ab27ca6) Importer(815301076,1909f56bfc062723c751e8b465ee728b)  -> (artifact id: '5cfcbc365fee08044bc980b642fe3815') in 0.041851 seconds
  Import took 0.044348 seconds .

========================================================================
Received Import Request.
  Time since last request: 0.000328 seconds.
  path: Assets/3Skyboxes/Skybox_BlueNebular_Textures/BlueNebular_back.jpg
  artifactKey: Guid(714add663c6602a45ae7182a6c144323) Importer(815301076,1909f56bfc062723c751e8b465ee728b)
Start importing Assets/3Skyboxes/Skybox_BlueNebular_Textures/BlueNebular_back.jpg using Guid(714add663c6602a45ae7182a6c144323) Importer(815301076,1909f56bfc062723c751e8b465ee728b)  -> (artifact id: 'c53a365d7d9efac2c6a63b2dc2659fe3') in 0.037054 seconds
  Import took 0.039628 seconds .

========================================================================
Received Import Request.
  Time since last request: 0.000264 seconds.
  path: Assets/3Skyboxes/Skybox_BluePinkNebular_Textures/BluePinkNebular_back.jpg
  artifactKey: Guid(3eade956c492d32458c3f3861da564a6) Importer(815301076,1909f56bfc062723c751e8b465ee728b)
Start importing Assets/3Skyboxes/Skybox_BluePinkNebular_Textures/BluePinkNebular_back.jpg using Guid(3eade956c492d32458c3f3861da564a6) Importer(815301076,1909f56bfc062723c751e8b465ee728b)  -> (artifact id: '0d3a3aa5824000564b5d372470b21846') in 0.037534 seconds
  Import took 0.040060 seconds .

========================================================================
Received Import Request.
  Time since last request: 0.000396 seconds.
  path: Assets/3Skyboxes/Skybox_BlueNebular_Textures/BlueNebular_front.jpg
  artifactKey: Guid(64256e95256b9064bb85c6658ea884aa) Importer(815301076,1909f56bfc062723c751e8b465ee728b)
Start importing Assets/3Skyboxes/Skybox_BlueNebular_Textures/BlueNebular_front.jpg using Guid(64256e95256b9064bb85c6658ea884aa) Importer(815301076,1909f56bfc062723c751e8b465ee728b)  -> (artifact id: 'be134a192fcc1beab7ff5933c787ee2d') in 0.022657 seconds
  Import took 0.025174 seconds .

========================================================================
Received Import Request.
  Time since last request: 0.000293 seconds.
  path: Assets/3Skyboxes/Skybox_BlueNebular_Textures/BlueNebular_left.jpg
  artifactKey: Guid(d58c7aa74edd6ee4e843a8c54307a8dd) Importer(815301076,1909f56bfc062723c751e8b465ee728b)
Start importing Assets/3Skyboxes/Skybox_BlueNebular_Textures/BlueNebular_left.jpg using Guid(d58c7aa74edd6ee4e843a8c54307a8dd) Importer(815301076,1909f56bfc062723c751e8b465ee728b)  -> (artifact id: 'c66a480d24d33038455ea283234d5b7b') in 0.021098 seconds
  Import took 0.023648 seconds .

========================================================================
Received Import Request.
  Time since last request: 0.000297 seconds.
  path: Assets/3Skyboxes/Skybox_BlueNebular_Textures/BlueNebular_right.jpg
  artifactKey: Guid(06b96ca4707fbf24e80cbcfe2ab88549) Importer(815301076,1909f56bfc062723c751e8b465ee728b)
Start importing Assets/3Skyboxes/Skybox_BlueNebular_Textures/BlueNebular_right.jpg using Guid(06b96ca4707fbf24e80cbcfe2ab88549) Importer(815301076,1909f56bfc062723c751e8b465ee728b)  -> (artifact id: '3fc5da34e41c15e8494031691fd50ef1') in 0.024411 seconds
  Import took 0.027140 seconds .

========================================================================
Received Import Request.
  Time since last request: 0.000288 seconds.
  path: Assets/3Skyboxes/Skybox_BlueNebular_Textures/BlueNebular_bottom.jpg
  artifactKey: Guid(8f042aa2fffc37643a0ca2fa3cfafbd1) Importer(815301076,1909f56bfc062723c751e8b465ee728b)
Start importing Assets/3Skyboxes/Skybox_BlueNebular_Textures/BlueNebular_bottom.jpg using Guid(8f042aa2fffc37643a0ca2fa3cfafbd1) Importer(815301076,1909f56bfc062723c751e8b465ee728b)  -> (artifact id: 'd56a689fca805b8deeec2de5eb707ee0') in 0.022517 seconds
  Import took 0.025250 seconds .

========================================================================
Received Import Request.
  Time since last request: 0.000308 seconds.
  path: Assets/3Skyboxes/Skybox_BlueNebular_Textures/BlueNebular_top.jpg
  artifactKey: Guid(dde976bcdaaea1143b8a48a75b7557be) Importer(815301076,1909f56bfc062723c751e8b465ee728b)
Start importing Assets/3Skyboxes/Skybox_BlueNebular_Textures/BlueNebular_top.jpg using Guid(dde976bcdaaea1143b8a48a75b7557be) Importer(815301076,1909f56bfc062723c751e8b465ee728b)  -> (artifact id: '40abfca35d70c7d4facaf4f2597ec4a9') in 0.023540 seconds
  Import took 0.026214 seconds .

========================================================================
Received Import Request.
  Time since last request: 12.610133 seconds.
  path: Assets/Prefabs/Powerup.prefab
  artifactKey: Guid(142f1b37506d57549b0b70f77c2b0508) Importer(815301076,1909f56bfc062723c751e8b465ee728b)
Start importing Assets/Prefabs/Powerup.prefab using Guid(142f1b37506d57549b0b70f77c2b0508) Importer(815301076,1909f56bfc062723c751e8b465ee728b)  -> (artifact id: 'a656587b179b23667c694f4827bb2cc1') in 0.010953 seconds
  Import took 0.013160 seconds .

========================================================================
Received Prepare
Registering precompiled user dll's ...
Registered in 0.000719 seconds.
Begin MonoManager ReloadAssembly
Native extension for WindowsStandalone target not found
Refreshing native plugins compatible for Editor in 0.22 ms, found 0 plugins.
Preloading 0 native plugins for Editor in 0.00 ms.
Invoked RoslynAnalysisRunner static constructor.
RoslynAnalysisRunner will not be running.
RoslynAnalysisRunner has terminated.
Mono: successfully reloaded assembly
- Completed reload, in  0.666 seconds
Platform modules already initialized, skipping
Refreshing native plugins compatible for Editor in 0.22 ms, found 0 plugins.
Preloading 0 native plugins for Editor in 0.00 ms.
Unloading 1117 Unused Serialized files (Serialized files now loaded: 0)
System memory in use before: 61.9 MB.
System memory in use after: 62.0 MB.

Unloading 4 unused Assets to reduce memory usage. Loaded Objects now: 1641.
Total: 2.231100 ms (FindLiveObjects: 0.175400 ms CreateObjectMapping: 0.061800 ms MarkObjects: 1.972300 ms  DeleteObjects: 0.019900 ms)

========================================================================
Received Import Request.
  Time since last request: 22.121333 seconds.
  path: Assets/Prefabs/Powerup.prefab
  artifactKey: Guid(142f1b37506d57549b0b70f77c2b0508) Importer(815301076,1909f56bfc062723c751e8b465ee728b)
Start importing Assets/Prefabs/Powerup.prefab using Guid(142f1b37506d57549b0b70f77c2b0508) Importer(815301076,1909f56bfc062723c751e8b465ee728b)  -> (artifact id: '7d38453826c8d45abd40e085614bd651') in 0.052310 seconds
  Import took 0.054343 seconds .

========================================================================
Received Prepare
Registering precompiled user dll's ...
Registered in 0.000789 seconds.
Begin MonoManager ReloadAssembly
Native extension for WindowsStandalone target not found
Refreshing native plugins compatible for Editor in 0.21 ms, found 0 plugins.
Preloading 0 native plugins for Editor in 0.00 ms.
Invoked RoslynAnalysisRunner static constructor.
RoslynAnalysisRunner will not be running.
RoslynAnalysisRunner has terminated.
Mono: successfully reloaded assembly
- Completed reload, in  0.711 seconds
Platform modules already initialized, skipping
Refreshing native plugins compatible for Editor in 0.27 ms, found 0 plugins.
Preloading 0 native plugins for Editor in 0.00 ms.
Unloading 1117 Unused Serialized files (Serialized files now loaded: 0)
System memory in use before: 61.9 MB.
System memory in use after: 62.0 MB.

Unloading 4 unused Assets to reduce memory usage. Loaded Objects now: 1645.
Total: 1.554800 ms (FindLiveObjects: 0.205600 ms CreateObjectMapping: 0.047900 ms MarkObjects: 1.286800 ms  DeleteObjects: 0.013500 ms)

========================================================================
Received Import Request.
  Time since last request: 10.193817 seconds.
  path: Assets/Prefabs/Powerup.prefab
  artifactKey: Guid(142f1b37506d57549b0b70f77c2b0508) Importer(815301076,1909f56bfc062723c751e8b465ee728b)
Start importing Assets/Prefabs/Powerup.prefab using Guid(142f1b37506d57549b0b70f77c2b0508) Importer(815301076,1909f56bfc062723c751e8b465ee728b)  -> (artifact id: '051d43075d3746082746482080d5e69c') in 0.058976 seconds
  Import took 0.061076 seconds .

========================================================================
Received Prepare
Registering precompiled user dll's ...
Registered in 0.000837 seconds.
Begin MonoManager ReloadAssembly
Native extension for WindowsStandalone target not found
Refreshing native plugins compatible for Editor in 0.22 ms, found 0 plugins.
Preloading 0 native plugins for Editor in 0.00 ms.
Invoked RoslynAnalysisRunner static constructor.
RoslynAnalysisRunner will not be running.
RoslynAnalysisRunner has terminated.
Mono: successfully reloaded assembly
- Completed reload, in  0.733 seconds
Platform modules already initialized, skipping
Refreshing native plugins compatible for Editor in 0.23 ms, found 0 plugins.
Preloading 0 native plugins for Editor in 0.00 ms.
Unloading 1117 Unused Serialized files (Serialized files now loaded: 0)
System memory in use before: 61.9 MB.
System memory in use after: 62.0 MB.

Unloading 4 unused Assets to reduce memory usage. Loaded Objects now: 1649.
Total: 2.431500 ms (FindLiveObjects: 0.170500 ms CreateObjectMapping: 0.068300 ms MarkObjects: 2.167500 ms  DeleteObjects: 0.023200 ms)

========================================================================
Received Prepare
Registering precompiled user dll's ...
Registered in 0.000714 seconds.
Begin MonoManager ReloadAssembly
Native extension for WindowsStandalone target not found
Refreshing native plugins compatible for Editor in 0.19 ms, found 0 plugins.
Preloading 0 native plugins for Editor in 0.00 ms.
Invoked RoslynAnalysisRunner static constructor.
RoslynAnalysisRunner will not be running.
RoslynAnalysisRunner has terminated.
Mono: successfully reloaded assembly
- Completed reload, in  0.657 seconds
Platform modules already initialized, skipping
Refreshing native plugins compatible for Editor in 0.20 ms, found 0 plugins.
Preloading 0 native plugins for Editor in 0.00 ms.
Unloading 1117 Unused Serialized files (Serialized files now loaded: 0)
System memory in use before: 61.9 MB.
System memory in use after: 62.0 MB.

Unloading 4 unused Assets to reduce memory usage. Loaded Objects now: 1652.
Total: 1.771300 ms (FindLiveObjects: 0.266400 ms CreateObjectMapping: 0.082700 ms MarkObjects: 1.403000 ms  DeleteObjects: 0.016900 ms)

========================================================================
Received Import Request.
  Time since last request: 429.929163 seconds.
  path: Assets/Prefabs/Powerup.prefab
  artifactKey: Guid(142f1b37506d57549b0b70f77c2b0508) Importer(815301076,1909f56bfc062723c751e8b465ee728b)
Start importing Assets/Prefabs/Powerup.prefab using Guid(142f1b37506d57549b0b70f77c2b0508) Importer(815301076,1909f56bfc062723c751e8b465ee728b)  -> (artifact id: '5a8b0e0b7719520f0c1b8db632a307cd') in 0.074945 seconds
  Import took 0.077445 seconds .

========================================================================
Received Prepare
Registering precompiled user dll's ...
Registered in 0.000680 seconds.
Begin MonoManager ReloadAssembly
Native extension for WindowsStandalone target not found
Refreshing native plugins compatible for Editor in 0.21 ms, found 0 plugins.
Preloading 0 native plugins for Editor in 0.00 ms.
Invoked RoslynAnalysisRunner static constructor.
RoslynAnalysisRunner will not be running.
RoslynAnalysisRunner has terminated.
Mono: successfully reloaded assembly
- Completed reload, in  0.677 seconds
Platform modules already initialized, skipping
Refreshing native plugins compatible for Editor in 0.21 ms, found 0 plugins.
Preloading 0 native plugins for Editor in 0.00 ms.
Unloading 1117 Unused Serialized files (Serialized files now loaded: 0)
System memory in use before: 61.9 MB.
System memory in use after: 62.0 MB.

Unloading 4 unused Assets to reduce memory usage. Loaded Objects now: 1656.
Total: 1.379000 ms (FindLiveObjects: 0.125700 ms CreateObjectMapping: 0.030900 ms MarkObjects: 1.206100 ms  DeleteObjects: 0.015300 ms)

========================================================================
Received Prepare
Registering precompiled user dll's ...
Registered in 0.000749 seconds.
Begin MonoManager ReloadAssembly
Native extension for WindowsStandalone target not found
Refreshing native plugins compatible for Editor in 0.20 ms, found 0 plugins.
Preloading 0 native plugins for Editor in 0.00 ms.
Invoked RoslynAnalysisRunner static constructor.
RoslynAnalysisRunner will not be running.
RoslynAnalysisRunner has terminated.
Mono: successfully reloaded assembly
- Completed reload, in  0.660 seconds
Platform modules already initialized, skipping
Refreshing native plugins compatible for Editor in 0.23 ms, found 0 plugins.
Preloading 0 native plugins for Editor in 0.00 ms.
Unloading 1117 Unused Serialized files (Serialized files now loaded: 0)
System memory in use before: 62.0 MB.
System memory in use after: 62.1 MB.

Unloading 4 unused Assets to reduce memory usage. Loaded Objects now: 1659.
Total: 2.325200 ms (FindLiveObjects: 0.219800 ms CreateObjectMapping: 0.082700 ms MarkObjects: 1.995600 ms  DeleteObjects: 0.024900 ms)

========================================================================
Received Import Request.
  Time since last request: 283.383449 seconds.
  path: Assets/Prefabs/Powerup.prefab
  artifactKey: Guid(142f1b37506d57549b0b70f77c2b0508) Importer(815301076,1909f56bfc062723c751e8b465ee728b)
Start importing Assets/Prefabs/Powerup.prefab using Guid(142f1b37506d57549b0b70f77c2b0508) Importer(815301076,1909f56bfc062723c751e8b465ee728b)  -> (artifact id: 'b74cb7cc27e9185ccfac022ee4868e29') in 0.057150 seconds
  Import took 0.059009 seconds .

========================================================================
Received Import Request.
  Time since last request: 10.871965 seconds.
  path: Assets/Prefabs/Pellet.prefab
  artifactKey: Guid(d0c3cb51e66eb9547a755d584bcf3a26) Importer(815301076,1909f56bfc062723c751e8b465ee728b)
Start importing Assets/Prefabs/Pellet.prefab using Guid(d0c3cb51e66eb9547a755d584bcf3a26) Importer(815301076,1909f56bfc062723c751e8b465ee728b)  -> (artifact id: '8674503d1adfb7d9a8d201ac3fe59455') in 0.009753 seconds
  Import took 0.011709 seconds .

========================================================================
Received Import Request.
  Time since last request: 4.439641 seconds.
  path: Assets/Prefabs/Pellet.prefab
  artifactKey: Guid(d0c3cb51e66eb9547a755d584bcf3a26) Importer(815301076,1909f56bfc062723c751e8b465ee728b)
Start importing Assets/Prefabs/Pellet.prefab using Guid(d0c3cb51e66eb9547a755d584bcf3a26) Importer(815301076,1909f56bfc062723c751e8b465ee728b)  -> (artifact id: '8eb591903e764a2359577ccde9881c82') in 0.009706 seconds
  Import took 0.012006 seconds .

========================================================================
Received Import Request.
  Time since last request: 10.997720 seconds.
  path: Assets/Prefabs/Pellet.prefab
  artifactKey: Guid(d0c3cb51e66eb9547a755d584bcf3a26) Importer(815301076,1909f56bfc062723c751e8b465ee728b)
Start importing Assets/Prefabs/Pellet.prefab using Guid(d0c3cb51e66eb9547a755d584bcf3a26) Importer(815301076,1909f56bfc062723c751e8b465ee728b)  -> (artifact id: '0b0b28bec9f77b3a05fa7b1ff1d9b9f4') in 0.012128 seconds
  Import took 0.013973 seconds .

========================================================================
Received Import Request.
  Time since last request: 4.438123 seconds.
  path: Assets/Prefabs/Pellet.prefab
  artifactKey: Guid(d0c3cb51e66eb9547a755d584bcf3a26) Importer(815301076,1909f56bfc062723c751e8b465ee728b)
Start importing Assets/Prefabs/Pellet.prefab using Guid(d0c3cb51e66eb9547a755d584bcf3a26) Importer(815301076,1909f56bfc062723c751e8b465ee728b)  -> (artifact id: '95d7a81c2c1b6071a7d2b998f2ed17cd') in 0.014041 seconds
  Import took 0.015940 seconds .

========================================================================
Received Import Request.
  Time since last request: 6.676577 seconds.
  path: Assets/Prefabs/Pellet.prefab
  artifactKey: Guid(d0c3cb51e66eb9547a755d584bcf3a26) Importer(815301076,1909f56bfc062723c751e8b465ee728b)
Start importing Assets/Prefabs/Pellet.prefab using Guid(d0c3cb51e66eb9547a755d584bcf3a26) Importer(815301076,1909f56bfc062723c751e8b465ee728b)  -> (artifact id: '88030e62e12de976a417fbe3a44e3902') in 0.008473 seconds
  Import took 0.010644 seconds .

========================================================================
Received Import Request.
  Time since last request: 1.229508 seconds.
  path: Assets/Prefabs/Pellet.prefab
  artifactKey: Guid(d0c3cb51e66eb9547a755d584bcf3a26) Importer(815301076,1909f56bfc062723c751e8b465ee728b)
Start importing Assets/Prefabs/Pellet.prefab using Guid(d0c3cb51e66eb9547a755d584bcf3a26) Importer(815301076,1909f56bfc062723c751e8b465ee728b)  -> (artifact id: '7f4fa27212057d1bd4435bd4dbcef3d8') in 0.010420 seconds
  Import took 0.013182 seconds .

========================================================================
Received Import Request.
  Time since last request: 1.409882 seconds.
  path: Assets/Prefabs/Pellet.prefab
  artifactKey: Guid(d0c3cb51e66eb9547a755d584bcf3a26) Importer(815301076,1909f56bfc062723c751e8b465ee728b)
Start importing Assets/Prefabs/Pellet.prefab using Guid(d0c3cb51e66eb9547a755d584bcf3a26) Importer(815301076,1909f56bfc062723c751e8b465ee728b)  -> (artifact id: 'cc1bcf80199ded3a6f2e914cbbc484dc') in 0.007964 seconds
  Import took 0.009948 seconds .

========================================================================
Received Prepare
Registering precompiled user dll's ...
Registered in 0.000765 seconds.
Begin MonoManager ReloadAssembly
Native extension for WindowsStandalone target not found
Refreshing native plugins compatible for Editor in 0.19 ms, found 0 plugins.
Preloading 0 native plugins for Editor in 0.00 ms.
Invoked RoslynAnalysisRunner static constructor.
RoslynAnalysisRunner will not be running.
RoslynAnalysisRunner has terminated.
Mono: successfully reloaded assembly
- Completed reload, in  0.661 seconds
Platform modules already initialized, skipping
Refreshing native plugins compatible for Editor in 0.21 ms, found 0 plugins.
Preloading 0 native plugins for Editor in 0.00 ms.
Unloading 1117 Unused Serialized files (Serialized files now loaded: 0)
System memory in use before: 62.0 MB.
System memory in use after: 62.1 MB.

Unloading 4 unused Assets to reduce memory usage. Loaded Objects now: 1663.
Total: 1.466100 ms (FindLiveObjects: 0.141500 ms CreateObjectMapping: 0.035400 ms MarkObjects: 1.272600 ms  DeleteObjects: 0.015700 ms)

========================================================================
Received Import Request.
  Time since last request: 12.821057 seconds.
  path: Assets/Prefabs/Pellet.prefab
  artifactKey: Guid(d0c3cb51e66eb9547a755d584bcf3a26) Importer(815301076,1909f56bfc062723c751e8b465ee728b)
Start importing Assets/Prefabs/Pellet.prefab using Guid(d0c3cb51e66eb9547a755d584bcf3a26) Importer(815301076,1909f56bfc062723c751e8b465ee728b)  -> (artifact id: '3f1fdb7e45c7850f8b4e1d69438485be') in 0.071710 seconds
  Import took 0.074158 seconds .

========================================================================
Received Prepare
Registering precompiled user dll's ...
Registered in 0.001131 seconds.
Begin MonoManager ReloadAssembly
Native extension for WindowsStandalone target not found
Refreshing native plugins compatible for Editor in 0.19 ms, found 0 plugins.
Preloading 0 native plugins for Editor in 0.00 ms.
Invoked RoslynAnalysisRunner static constructor.
RoslynAnalysisRunner will not be running.
RoslynAnalysisRunner has terminated.
Mono: successfully reloaded assembly
- Completed reload, in  0.690 seconds
Platform modules already initialized, skipping
Refreshing native plugins compatible for Editor in 0.24 ms, found 0 plugins.
Preloading 0 native plugins for Editor in 0.00 ms.
Unloading 1117 Unused Serialized files (Serialized files now loaded: 0)
System memory in use before: 62.0 MB.
System memory in use after: 62.1 MB.

Unloading 4 unused Assets to reduce memory usage. Loaded Objects now: 1667.
Total: 1.618400 ms (FindLiveObjects: 0.150400 ms CreateObjectMapping: 0.038700 ms MarkObjects: 1.408900 ms  DeleteObjects: 0.019100 ms)

========================================================================
Received Import Request.
  Time since last request: 19.568888 seconds.
  path: Assets/Prefabs/Pellet.prefab
  artifactKey: Guid(d0c3cb51e66eb9547a755d584bcf3a26) Importer(815301076,1909f56bfc062723c751e8b465ee728b)
Start importing Assets/Prefabs/Pellet.prefab using Guid(d0c3cb51e66eb9547a755d584bcf3a26) Importer(815301076,1909f56bfc062723c751e8b465ee728b)  -> (artifact id: 'd1ab21cbd987adf8fc5dff64f92a7532') in 0.061133 seconds
  Import took 0.063143 seconds .

========================================================================
Received Import Request.
  Time since last request: 0.459206 seconds.
  path: Assets/Prefabs/Pellet.prefab
  artifactKey: Guid(d0c3cb51e66eb9547a755d584bcf3a26) Importer(815301076,1909f56bfc062723c751e8b465ee728b)
Start importing Assets/Prefabs/Pellet.prefab using Guid(d0c3cb51e66eb9547a755d584bcf3a26) Importer(815301076,1909f56bfc062723c751e8b465ee728b)  -> (artifact id: '36f82ecfe0f26ad9490de711e5e1af4f') in 0.012712 seconds
  Import took 0.014659 seconds .

========================================================================
Received Import Request.
  Time since last request: 6.279588 seconds.
  path: Assets/Prefabs/Pellet.prefab
  artifactKey: Guid(d0c3cb51e66eb9547a755d584bcf3a26) Importer(815301076,1909f56bfc062723c751e8b465ee728b)
Start importing Assets/Prefabs/Pellet.prefab using Guid(d0c3cb51e66eb9547a755d584bcf3a26) Importer(815301076,1909f56bfc062723c751e8b465ee728b)  -> (artifact id: '44276f2f20327e9863e11ba93b01680e') in 0.009917 seconds
  Import took 0.012171 seconds .

========================================================================
Received Prepare
Registering precompiled user dll's ...
Registered in 0.000736 seconds.
Begin MonoManager ReloadAssembly
Native extension for WindowsStandalone target not found
Refreshing native plugins compatible for Editor in 0.19 ms, found 0 plugins.
Preloading 0 native plugins for Editor in 0.00 ms.
Invoked RoslynAnalysisRunner static constructor.
RoslynAnalysisRunner will not be running.
RoslynAnalysisRunner has terminated.
Mono: successfully reloaded assembly
- Completed reload, in  0.656 seconds
Platform modules already initialized, skipping
Refreshing native plugins compatible for Editor in 0.21 ms, found 0 plugins.
Preloading 0 native plugins for Editor in 0.00 ms.
Unloading 1117 Unused Serialized files (Serialized files now loaded: 0)
System memory in use before: 62.0 MB.
System memory in use after: 62.1 MB.

Unloading 4 unused Assets to reduce memory usage. Loaded Objects now: 1671.
Total: 1.718600 ms (FindLiveObjects: 0.207100 ms CreateObjectMapping: 0.057500 ms MarkObjects: 1.435400 ms  DeleteObjects: 0.017100 ms)

